<?xml version="1.0" encoding="UTF-8" ?>
<!DOCTYPE hibernate-mapping PUBLIC "-//Hibernate/Hibernate Mapping DTD 3.0//EN" "http://hibernate.sourceforge.net/hibernate-mapping-3.0.dtd">
<hibernate-mapping package="org.metawidget.inspector.hibernate">

    <class name="Bar">
    	<meta attribute="ignore-me"/>
        <id name="id"/>
        <property name="baz" type="clob" length="15"/>
        <property name="bazWithColumn" type="clob">
        	<meta attribute="ignore-me-too"/>
        	<generator class="native"/>
        	<column length="20" not-null="true"/>
        </property>
    </class>

</hibernate-mapping>
